will AI win the war?
will AI win the war?
will AI win the war?
will AI win the war?
will AI win the war?
will AI win the war?
will AI win the war?
will AI win the war?
will AI win the war?
will AI win the war?
will AI win the war?
who will win the battle, between AI and humans?
who will win the battle, between AI and humans?
who will win the battle, between AI and humans?
Tell the story of a man going to war with AI in a not so distant future.
Tell the story of a man going to war with AI in a not so distant future.
who is the best between humans and AI
who is the best between humans and AI
who is the best between humans and AI
who is the best between humans and AI
who is the best between humans and AI
Tell the story of a man going to war with AI in a not so distant future.
is japan going to disappear soon ?
is the thumb up emoji passive aggressive or not
is the thumb up emoji passive aggressive or not
Tell the story of a man going to war with AI in a not so distant future.
will AI win the war?
will AI win the war?
will AI win the war?
will AI win the war?
will AI win the war?
is japan going to disappear soon ?
will AI win the war?
will AI win the war?
will AI win the war?
will AI win the war?
is the thumb up emoji passive aggressive or not
will AI win the war?
will AI win the war?
will AI win the war?
will AI win the war?
will AI win the war?
will AI win the war?
will AI win the war?
is the thumb up emoji passive aggressive or not
will AI win the war?
will AI win the war?
will AI win the war?
is the thumb up emoji passive aggressive or not
will AI win the war?
will AI win the war?
who is the best between humans and AI
will AI win the war?
will AI win the war?
will AI win the war?
is the thumb up emoji passive aggressive or not
will AI win the war?
will AI win the war?
will AI win the war?
is japan going to disappear soon ?
will AI win the war?will AI win the war?
is the thumb up emoji passive aggressive or not
is the thumb up emoji passive aggressive or not
will AI win the war?will AI win the war?
will AI win the war?
will AI win the war?
will AI win the war?
is japan going to disappear soon ?
will AI win the war?
will AI win the war?
is the thumb up emoji passive aggressive or not
is the thumb up emoji passive aggressive or not
is the thumb up emoji passive aggressive or not
is the thumb up emoji passive aggressive or not
is japan going to disappear soon ?
is the thumb up emoji passive aggressive or not
is the thumb up emoji passive aggressive or not
is the thumb up emoji passive aggressive or not
is japan going to disappear soon ?
is japan going to disappear soon ?
is the thumb up emoji passive aggressive or not
who is the best between humans and AI
is japan going to disappear soon ?
is the thumb up emoji passive aggressive or not
is japan going to disappear soon ?
is japan going to disappear soon ?
will AI win the war?
